@!@!@STARTMSG 2262:0 @!@!@
TLC2 Version 2.16 of 31 December 2020 (rev: cdddf55)
@!@!@ENDMSG 2262 @!@!@
@!@!@STARTMSG 2187:0 @!@!@
Running breadth-first search Model-Checking with fp 91 and seed 6888458688715057325 with 1 worker on 8 cores with 227MB heap and 64MB offheap memory (Windows 10 10.0 x86, Oracle Corporation 1.8.0_271 x86, MSBDiskFPSet, DiskStateQueue).
@!@!@ENDMSG 2187 @!@!@
@!@!@STARTMSG 2220:0 @!@!@
Starting SANY...
@!@!@ENDMSG 2220 @!@!@
Parsing file D:\CNTT\TLA+\stla23_11_Nguyen\VectorClock.tla
Parsing file C:\Users\User\AppData\Local\Temp\Integers.tla
Parsing file C:\Users\User\AppData\Local\Temp\Sequences.tla
Parsing file C:\Users\User\AppData\Local\Temp\Naturals.tla
Semantic processing of module Naturals
Semantic processing of module Integers
Semantic processing of module Sequences
Semantic processing of module VectorClock
@!@!@STARTMSG 2219:0 @!@!@
SANY finished.
@!@!@ENDMSG 2219 @!@!@
@!@!@STARTMSG 2185:0 @!@!@
Starting... (2024-02-02 22:51:18)
@!@!@ENDMSG 2185 @!@!@
@!@!@STARTMSG 2189:0 @!@!@
Computing initial states...
@!@!@ENDMSG 2189 @!@!@
@!@!@STARTMSG 2190:0 @!@!@
Finished computing initial states: 1 distinct state generated at 2024-02-02 22:51:18.
@!@!@ENDMSG 2190 @!@!@
@!@!@STARTMSG 1000:1 @!@!@
TLC threw an unexpected exception.
This was probably caused by an error in the spec or model.
See the User Output or TLC Console for clues to what happened.
The exception was a java.lang.RuntimeException
: Attempted to apply tuple
<<>>
to integer 1 which is out of domain.
@!@!@ENDMSG 1000 @!@!@
@!@!@STARTMSG 2121:1 @!@!@
The behavior up to this point is:
@!@!@ENDMSG 2121 @!@!@
@!@!@STARTMSG 2217:4 @!@!@
1: <Initial predicate>
/\ msg = <<<<<<>>, <<>>, <<>>>>, <<<<>>, <<>>, <<>>>>, <<<<>>, <<>>, <<>>>>>>
/\ vc = <<0, 0, 0>>

@!@!@ENDMSG 2217 @!@!@
@!@!@STARTMSG 2147:1 @!@!@
TLC was unable to fingerprint.

Fingerprint Stack Trace:
0) line 15, col 20 to line 15, col 75 of module VectorClock

Reason:
Attempted to apply tuple
<<>>
to integer 1 which is out of domain.
@!@!@ENDMSG 2147 @!@!@
@!@!@STARTMSG 2201:0 @!@!@
The coverage statistics at 2024-02-02 22:51:18
@!@!@ENDMSG 2201 @!@!@
@!@!@STARTMSG 2773:0 @!@!@
<Init line 35, col 1 to line 35, col 4 of module VectorClock>: 1:1
@!@!@ENDMSG 2773 @!@!@
@!@!@STARTMSG 2221:0 @!@!@
  line 35, col 9 to line 36, col 22 of module VectorClock: 1
@!@!@ENDMSG 2221 @!@!@
@!@!@STARTMSG 2772:0 @!@!@
<SendEvent line 20, col 1 to line 20, col 15 of module VectorClock>: 1:2
@!@!@ENDMSG 2772 @!@!@
@!@!@STARTMSG 2221:0 @!@!@
  line 21, col 3 to line 23, col 56 of module VectorClock: 2
@!@!@ENDMSG 2221 @!@!@
@!@!@STARTMSG 2772:0 @!@!@
<ReceiveEvent line 25, col 1 to line 25, col 18 of module VectorClock>: 0:0
@!@!@ENDMSG 2772 @!@!@
@!@!@STARTMSG 2221:0 @!@!@
  line 27, col 11 to line 27, col 41 of module VectorClock: 0
@!@!@ENDMSG 2221 @!@!@
@!@!@STARTMSG 2221:0 @!@!@
  |line 27, col 17 to line 27, col 41 of module VectorClock: 2
@!@!@ENDMSG 2221 @!@!@
@!@!@STARTMSG 2221:0 @!@!@
  line 29, col 11 to line 29, col 46 of module VectorClock: 0
@!@!@ENDMSG 2221 @!@!@
@!@!@STARTMSG 2221:0 @!@!@
  line 26, col 15 to line 26, col 28 of module VectorClock: 2
@!@!@ENDMSG 2221 @!@!@
@!@!@STARTMSG 2202:0 @!@!@
End of statistics.
@!@!@ENDMSG 2202 @!@!@
@!@!@STARTMSG 2200:0 @!@!@
Progress(2) at 2024-02-02 22:51:18: 2 states generated (285 s/min), 2 distinct states found (285 ds/min), 1 states left on queue.
@!@!@ENDMSG 2200 @!@!@
@!@!@STARTMSG 2199:0 @!@!@
2 states generated, 2 distinct states found, 1 states left on queue.
@!@!@ENDMSG 2199 @!@!@
@!@!@STARTMSG 2186:0 @!@!@
Finished in 422ms at (2024-02-02 22:51:18)
@!@!@ENDMSG 2186 @!@!@
