@!@!@STARTMSG 2262:0 @!@!@
TLC2 Version 2.16 of 31 December 2020 (rev: cdddf55)
@!@!@ENDMSG 2262 @!@!@
@!@!@STARTMSG 2187:0 @!@!@
Running breadth-first search Model-Checking with fp 3 and seed -7293812615867179936 with 1 worker on 8 cores with 227MB heap and 64MB offheap memory (Windows 10 10.0 x86, Oracle Corporation 1.8.0_271 x86, MSBDiskFPSet, DiskStateQueue).
@!@!@ENDMSG 2187 @!@!@
@!@!@STARTMSG 2220:0 @!@!@
Starting SANY...
@!@!@ENDMSG 2220 @!@!@
Parsing file D:\CNTT\TLA+\stla23_10_Nguyen\WolfGoatCabbage.tla
Semantic processing of module WolfGoatCabbage
@!@!@STARTMSG 2219:0 @!@!@
SANY finished.
@!@!@ENDMSG 2219 @!@!@
@!@!@STARTMSG 2185:0 @!@!@
Starting... (2024-01-26 20:18:11)
@!@!@ENDMSG 2185 @!@!@
@!@!@STARTMSG 2241:1 @!@!@
The property line 28, col 20 to line 39, col 41 of module WolfGoatCabbage is not correctly defined.
@!@!@ENDMSG 2241 @!@!@
@!@!@STARTMSG 2186:0 @!@!@
Finished in 150ms at (2024-01-26 20:18:11)
@!@!@ENDMSG 2186 @!@!@
