@!@!@STARTMSG 2262:0 @!@!@
TLC2 Version 2.16 of 31 December 2020 (rev: cdddf55)
@!@!@ENDMSG 2262 @!@!@
@!@!@STARTMSG 2187:0 @!@!@
Running breadth-first search Model-Checking with fp 61 and seed 7782769380530887429 with 1 worker on 8 cores with 227MB heap and 64MB offheap memory (Windows 10 10.0 x86, Oracle Corporation 1.8.0_271 x86, MSBDiskFPSet, DiskStateQueue).
@!@!@ENDMSG 2187 @!@!@
@!@!@STARTMSG 2220:0 @!@!@
Starting SANY...
@!@!@ENDMSG 2220 @!@!@
Parsing file D:\CNTT\TLA+\submit file\stla_assignment_03\WriteThroughCache.tla
Parsing file C:\Users\User\AppData\Local\Temp\Naturals.tla
Parsing file C:\Users\User\AppData\Local\Temp\Sequences.tla
Parsing file D:\CNTT\TLA+\submit file\stla_assignment_03\MemoryInterface.tla
Parsing file D:\CNTT\TLA+\submit file\stla_assignment_03\InternalMemory.tla
Parsing file D:\CNTT\TLA+\submit file\stla_assignment_03\Memory.tla
Semantic processing of module Naturals
Semantic processing of module Sequences
Semantic processing of module MemoryInterface
Semantic processing of module InternalMemory
Semantic processing of module Memory
Semantic processing of module WriteThroughCache
@!@!@STARTMSG 2219:0 @!@!@
SANY finished.
@!@!@ENDMSG 2219 @!@!@
@!@!@STARTMSG 2185:0 @!@!@
Starting... (2023-11-24 20:08:31)
@!@!@ENDMSG 2185 @!@!@
@!@!@STARTMSG 2189:0 @!@!@
Computing initial states...
@!@!@ENDMSG 2189 @!@!@
@!@!@STARTMSG 2190:0 @!@!@
Finished computing initial states: 2 distinct states generated at 2023-11-24 20:08:31.
@!@!@ENDMSG 2190 @!@!@
@!@!@STARTMSG 2110:1 @!@!@
Invariant Coherence is violated.
@!@!@ENDMSG 2110 @!@!@
@!@!@STARTMSG 2121:1 @!@!@
The behavior up to this point is:
@!@!@ENDMSG 2121 @!@!@
@!@!@STARTMSG 2217:4 @!@!@
1: <Initial predicate>
/\ ctl = (p1 :> "rdy" @@ p2 :> "rdy")
/\ memInt = <<p1, NoVal>>
/\ wmem = (a1 :> v1)
/\ buf = (p1 :> NoVal @@ p2 :> NoVal)
/\ memQ = <<>>
/\ cache = (p1 :> (a1 :> NoVal) @@ p2 :> (a1 :> NoVal))

@!@!@ENDMSG 2217 @!@!@
@!@!@STARTMSG 2217:4 @!@!@
2: <Req line 23, col 11 to line 23, col 47 of module WriteThroughCache>
/\ ctl = (p1 :> "busy" @@ p2 :> "rdy")
/\ memInt = <<p1, [op |-> "Rd", adr |-> a1]>>
/\ wmem = (a1 :> v1)
/\ buf = (p1 :> [op |-> "Rd", adr |-> a1] @@ p2 :> NoVal)
/\ memQ = <<>>
/\ cache = (p1 :> (a1 :> NoVal) @@ p2 :> (a1 :> NoVal))

@!@!@ENDMSG 2217 @!@!@
@!@!@STARTMSG 2217:4 @!@!@
3: <RdMiss line 26, col 15 to line 31, col 55 of module WriteThroughCache>
/\ ctl = (p1 :> "waiting" @@ p2 :> "rdy")
/\ memInt = <<p1, [op |-> "Rd", adr |-> a1]>>
/\ wmem = (a1 :> v1)
/\ buf = (p1 :> [op |-> "Rd", adr |-> a1] @@ p2 :> NoVal)
/\ memQ = <<<<p1, [op |-> "Rd", adr |-> a1]>>>>
/\ cache = (p1 :> (a1 :> NoVal) @@ p2 :> (a1 :> NoVal))

@!@!@ENDMSG 2217 @!@!@
@!@!@STARTMSG 2217:4 @!@!@
4: <Req line 23, col 11 to line 23, col 47 of module WriteThroughCache>
/\ ctl = (p1 :> "waiting" @@ p2 :> "busy")
/\ memInt = <<p2, [op |-> "Wr", adr |-> a1, val |-> v2]>>
/\ wmem = (a1 :> v1)
/\ buf = (p1 :> [op |-> "Rd", adr |-> a1] @@ p2 :> [op |-> "Wr", adr |-> a1, val |-> v2])
/\ memQ = <<<<p1, [op |-> "Rd", adr |-> a1]>>>>
/\ cache = (p1 :> (a1 :> NoVal) @@ p2 :> (a1 :> NoVal))

@!@!@ENDMSG 2217 @!@!@
@!@!@STARTMSG 2217:4 @!@!@
5: <DoWr line 43, col 7 to line 52, col 35 of module WriteThroughCache>
/\ ctl = (p1 :> "waiting" @@ p2 :> "done")
/\ memInt = <<p2, [op |-> "Wr", adr |-> a1, val |-> v2]>>
/\ wmem = (a1 :> v1)
/\ buf = (p1 :> [op |-> "Rd", adr |-> a1] @@ p2 :> NoVal)
/\ memQ = << <<p1, [op |-> "Rd", adr |-> a1]>>,
   <<p2, [op |-> "Wr", adr |-> a1, val |-> v2]>> >>
/\ cache = (p1 :> (a1 :> NoVal) @@ p2 :> (a1 :> v2))

@!@!@ENDMSG 2217 @!@!@
@!@!@STARTMSG 2217:4 @!@!@
6: <MemQRd line 72, col 7 to line 75, col 45 of module WriteThroughCache>
/\ ctl = (p1 :> "waiting" @@ p2 :> "done")
/\ memInt = <<p2, [op |-> "Wr", adr |-> a1, val |-> v2]>>
/\ wmem = (a1 :> v1)
/\ buf = (p1 :> [op |-> "Rd", adr |-> a1] @@ p2 :> NoVal)
/\ memQ = <<<<p2, [op |-> "Wr", adr |-> a1, val |-> v2]>>>>
/\ cache = (p1 :> (a1 :> v1) @@ p2 :> (a1 :> v2))

@!@!@ENDMSG 2217 @!@!@
@!@!@STARTMSG 2201:0 @!@!@
The coverage statistics at 2023-11-24 20:08:31
@!@!@ENDMSG 2201 @!@!@
@!@!@STARTMSG 2773:0 @!@!@
<Init line 8, col 1 to line 8, col 4 of module WriteThroughCache>: 4:4
@!@!@ENDMSG 2773 @!@!@
@!@!@STARTMSG 2221:0 @!@!@
  line 5, col 13 to line 5, col 30 of module InternalMemory: 2
@!@!@ENDMSG 2221 @!@!@
@!@!@STARTMSG 2221:0 @!@!@
  line 6, col 13 to line 6, col 40 of module InternalMemory: 4
@!@!@ENDMSG 2221 @!@!@
@!@!@STARTMSG 2221:0 @!@!@
  line 7, col 13 to line 7, col 40 of module InternalMemory: 4
@!@!@ENDMSG 2221 @!@!@
@!@!@STARTMSG 2221:0 @!@!@
  line 8, col 13 to line 8, col 33 of module InternalMemory: 4
@!@!@ENDMSG 2221 @!@!@
@!@!@STARTMSG 2221:0 @!@!@
  line 9, col 12 to line 9, col 58 of module WriteThroughCache: 4
@!@!@ENDMSG 2221 @!@!@
@!@!@STARTMSG 2221:0 @!@!@
  line 10, col 12 to line 10, col 23 of module WriteThroughCache: 4
@!@!@ENDMSG 2221 @!@!@
@!@!@STARTMSG 2772:0 @!@!@
<Req line 23, col 1 to line 23, col 6 of module WriteThroughCache>: 126:186
@!@!@ENDMSG 2772 @!@!@
@!@!@STARTMSG 2221:0 @!@!@
  line 15, col 14 to line 15, col 27 of module InternalMemory: 396
@!@!@ENDMSG 2221 @!@!@
@!@!@STARTMSG 2221:0 @!@!@
  |line 15, col 14 to line 15, col 19 of module InternalMemory: 334
@!@!@ENDMSG 2221 @!@!@
@!@!@STARTMSG 2221:0 @!@!@
  line 17, col 17 to line 19, col 52 of module InternalMemory: 186
@!@!@ENDMSG 2221 @!@!@
@!@!@STARTMSG 2221:0 @!@!@
  line 16, col 26 to line 16, col 29 of module InternalMemory: 62
@!@!@ENDMSG 2221 @!@!@
@!@!@STARTMSG 2221:0 @!@!@
  line 20, col 14 to line 20, col 26 of module InternalMemory: 186
@!@!@ENDMSG 2221 @!@!@
@!@!@STARTMSG 2221:0 @!@!@
  line 23, col 17 to line 23, col 17 of module WriteThroughCache: 334
@!@!@ENDMSG 2221 @!@!@
@!@!@STARTMSG 2221:0 @!@!@
  line 23, col 23 to line 23, col 47 of module WriteThroughCache: 186
@!@!@ENDMSG 2221 @!@!@
@!@!@STARTMSG 2772:0 @!@!@
<Rsp line 24, col 1 to line 24, col 6 of module WriteThroughCache>: 34:71
@!@!@ENDMSG 2772 @!@!@
@!@!@STARTMSG 2221:0 @!@!@
  line 6, col 1 to line 6, col 45 of module WriteThroughCache: 2
@!@!@ENDMSG 2221 @!@!@
@!@!@STARTMSG 2221:0 @!@!@
  line 6, col 1 to line 6, col 45 of module WriteThroughCache: 257
@!@!@ENDMSG 2221 @!@!@
@!@!@STARTMSG 2221:0 @!@!@
  line 6, col 1 to line 6, col 45 of module WriteThroughCache: 923
@!@!@ENDMSG 2221 @!@!@
@!@!@STARTMSG 2221:0 @!@!@
  line 6, col 1 to line 6, col 45 of module WriteThroughCache: 4
@!@!@ENDMSG 2221 @!@!@
@!@!@STARTMSG 2221:0 @!@!@
  line 6, col 1 to line 6, col 45 of module WriteThroughCache: 8
@!@!@ENDMSG 2221 @!@!@
@!@!@STARTMSG 2221:0 @!@!@
  line 6, col 1 to line 6, col 45 of module WriteThroughCache: 2
@!@!@ENDMSG 2221 @!@!@
@!@!@STARTMSG 2221:0 @!@!@
  line 33, col 14 to line 33, col 28 of module InternalMemory: 403
@!@!@ENDMSG 2221 @!@!@
@!@!@STARTMSG 2221:0 @!@!@
  |line 33, col 14 to line 33, col 19 of module InternalMemory: 332
@!@!@ENDMSG 2221 @!@!@
@!@!@STARTMSG 2221:0 @!@!@
  line 34, col 14 to line 34, col 46 of module InternalMemory: 71
@!@!@ENDMSG 2221 @!@!@
@!@!@STARTMSG 2221:0 @!@!@
  line 35, col 14 to line 35, col 44 of module InternalMemory: 71
@!@!@ENDMSG 2221 @!@!@
@!@!@STARTMSG 2221:0 @!@!@
  line 36, col 14 to line 36, col 35 of module InternalMemory: 71
@!@!@ENDMSG 2221 @!@!@
@!@!@STARTMSG 2221:0 @!@!@
  line 24, col 17 to line 24, col 17 of module WriteThroughCache: 332
@!@!@ENDMSG 2221 @!@!@
@!@!@STARTMSG 2221:0 @!@!@
  line 24, col 23 to line 24, col 47 of module WriteThroughCache: 71
@!@!@ENDMSG 2221 @!@!@
@!@!@STARTMSG 2772:0 @!@!@
<RdMiss line 26, col 1 to line 26, col 9 of module WriteThroughCache>: 46:54
@!@!@ENDMSG 2772 @!@!@
@!@!@STARTMSG 2221:0 @!@!@
  line 26, col 19 to line 26, col 33 of module WriteThroughCache: 386
@!@!@ENDMSG 2221 @!@!@
@!@!@STARTMSG 2221:0 @!@!@
  |line 26, col 19 to line 26, col 24 of module WriteThroughCache: 332
@!@!@ENDMSG 2221 @!@!@
@!@!@STARTMSG 2221:0 @!@!@
  line 26, col 40 to line 26, col 55 of module WriteThroughCache: 214
@!@!@ENDMSG 2221 @!@!@
@!@!@STARTMSG 2221:0 @!@!@
  |line 26, col 40 to line 26, col 48 of module WriteThroughCache: 160
@!@!@ENDMSG 2221 @!@!@
@!@!@STARTMSG 2221:0 @!@!@
  line 27, col 18 to line 27, col 45 of module WriteThroughCache: 108
@!@!@ENDMSG 2221 @!@!@
@!@!@STARTMSG 2221:0 @!@!@
  |line 27, col 18 to line 27, col 37 of module WriteThroughCache: 54
@!@!@ENDMSG 2221 @!@!@
@!@!@STARTMSG 2221:0 @!@!@
  |line 27, col 41 to line 27, col 45 of module WriteThroughCache: 54
@!@!@ENDMSG 2221 @!@!@
@!@!@STARTMSG 2221:0 @!@!@
  line 28, col 18 to line 28, col 33 of module WriteThroughCache: 54
@!@!@ENDMSG 2221 @!@!@
@!@!@STARTMSG 2221:0 @!@!@
  line 29, col 18 to line 29, col 52 of module WriteThroughCache: 54
@!@!@ENDMSG 2221 @!@!@
@!@!@STARTMSG 2221:0 @!@!@
  line 30, col 18 to line 30, col 53 of module WriteThroughCache: 54
@!@!@ENDMSG 2221 @!@!@
@!@!@STARTMSG 2221:0 @!@!@
  line 31, col 18 to line 31, col 55 of module WriteThroughCache: 54
@!@!@ENDMSG 2221 @!@!@
@!@!@STARTMSG 2772:0 @!@!@
<DoRd line 33, col 1 to line 33, col 7 of module WriteThroughCache>: 6:6
@!@!@ENDMSG 2772 @!@!@
@!@!@STARTMSG 2221:0 @!@!@
  line 34, col 6 to line 34, col 34 of module WriteThroughCache: 337
@!@!@ENDMSG 2221 @!@!@
@!@!@STARTMSG 2221:0 @!@!@
  |line 34, col 6 to line 34, col 11 of module WriteThroughCache: 331
@!@!@ENDMSG 2221 @!@!@
@!@!@STARTMSG 2221:0 @!@!@
  |line 34, col 17 to line 34, col 34 of module WriteThroughCache: 331
@!@!@ENDMSG 2221 @!@!@
@!@!@STARTMSG 2221:0 @!@!@
  line 35, col 6 to line 35, col 21 of module WriteThroughCache: 206
@!@!@ENDMSG 2221 @!@!@
@!@!@STARTMSG 2221:0 @!@!@
  |line 35, col 6 to line 35, col 14 of module WriteThroughCache: 200
@!@!@ENDMSG 2221 @!@!@
@!@!@STARTMSG 2221:0 @!@!@
  line 36, col 6 to line 36, col 33 of module WriteThroughCache: 100
@!@!@ENDMSG 2221 @!@!@
@!@!@STARTMSG 2221:0 @!@!@
  |line 36, col 6 to line 36, col 25 of module WriteThroughCache: 94
@!@!@ENDMSG 2221 @!@!@
@!@!@STARTMSG 2221:0 @!@!@
  |line 36, col 29 to line 36, col 33 of module WriteThroughCache: 94
@!@!@ENDMSG 2221 @!@!@
@!@!@STARTMSG 2221:0 @!@!@
  line 37, col 6 to line 37, col 52 of module WriteThroughCache: 6
@!@!@ENDMSG 2221 @!@!@
@!@!@STARTMSG 2221:0 @!@!@
  line 38, col 6 to line 38, col 38 of module WriteThroughCache: 6
@!@!@ENDMSG 2221 @!@!@
@!@!@STARTMSG 2221:0 @!@!@
  line 39, col 6 to line 39, col 44 of module WriteThroughCache: 6
@!@!@ENDMSG 2221 @!@!@
@!@!@STARTMSG 2772:0 @!@!@
<DoWr line 41, col 1 to line 41, col 7 of module WriteThroughCache (43 7 52 35)>: 92:106
@!@!@ENDMSG 2772 @!@!@
@!@!@STARTMSG 2221:0 @!@!@
  line 43, col 11 to line 43, col 25 of module WriteThroughCache: 437
@!@!@ENDMSG 2221 @!@!@
@!@!@STARTMSG 2221:0 @!@!@
  |line 43, col 11 to line 43, col 16 of module WriteThroughCache: 331
@!@!@ENDMSG 2221 @!@!@
@!@!@STARTMSG 2221:0 @!@!@
  line 43, col 32 to line 43, col 42 of module WriteThroughCache: 265
@!@!@ENDMSG 2221 @!@!@
@!@!@STARTMSG 2221:0 @!@!@
  |line 43, col 32 to line 43, col 35 of module WriteThroughCache: 159
@!@!@ENDMSG 2221 @!@!@
@!@!@STARTMSG 2221:0 @!@!@
  line 44, col 10 to line 44, col 25 of module WriteThroughCache: 106
@!@!@ENDMSG 2221 @!@!@
@!@!@STARTMSG 2221:0 @!@!@
  line 45, col 10 to line 48, col 37 of module WriteThroughCache: 106
@!@!@ENDMSG 2221 @!@!@
@!@!@STARTMSG 2221:0 @!@!@
  line 49, col 10 to line 49, col 39 of module WriteThroughCache: 106
@!@!@ENDMSG 2221 @!@!@
@!@!@STARTMSG 2221:0 @!@!@
  line 50, col 10 to line 50, col 41 of module WriteThroughCache: 106
@!@!@ENDMSG 2221 @!@!@
@!@!@STARTMSG 2221:0 @!@!@
  line 51, col 10 to line 51, col 42 of module WriteThroughCache: 106
@!@!@ENDMSG 2221 @!@!@
@!@!@STARTMSG 2221:0 @!@!@
  line 52, col 10 to line 52, col 35 of module WriteThroughCache: 106
@!@!@ENDMSG 2221 @!@!@
@!@!@STARTMSG 2772:0 @!@!@
<MemQWr line 63, col 1 to line 63, col 6 of module WriteThroughCache (64 15 67 54)>: 36:72
@!@!@ENDMSG 2772 @!@!@
@!@!@STARTMSG 2221:0 @!@!@
  line 64, col 19 to line 64, col 30 of module WriteThroughCache: 236
@!@!@ENDMSG 2221 @!@!@
@!@!@STARTMSG 2221:0 @!@!@
  |line 64, col 19 to line 64, col 22 of module WriteThroughCache: 164
@!@!@ENDMSG 2221 @!@!@
@!@!@STARTMSG 2221:0 @!@!@
  |line 64, col 26 to line 64, col 30 of module WriteThroughCache: 164
@!@!@ENDMSG 2221 @!@!@
@!@!@STARTMSG 2221:0 @!@!@
  line 64, col 40 to line 64, col 50 of module WriteThroughCache: 176
@!@!@ENDMSG 2221 @!@!@
@!@!@STARTMSG 2221:0 @!@!@
  |line 64, col 40 to line 64, col 43 of module WriteThroughCache: 104
@!@!@ENDMSG 2221 @!@!@
@!@!@STARTMSG 2221:0 @!@!@
  line 65, col 18 to line 65, col 55 of module WriteThroughCache: 72
@!@!@ENDMSG 2221 @!@!@
@!@!@STARTMSG 2221:0 @!@!@
  line 66, col 18 to line 66, col 35 of module WriteThroughCache: 72
@!@!@ENDMSG 2221 @!@!@
@!@!@STARTMSG 2221:0 @!@!@
  line 67, col 18 to line 67, col 54 of module WriteThroughCache: 72
@!@!@ENDMSG 2221 @!@!@
@!@!@STARTMSG 2772:0 @!@!@
<MemQRd line 69, col 1 to line 69, col 6 of module WriteThroughCache (72 7 75 45)>: 31:32
@!@!@ENDMSG 2772 @!@!@
@!@!@STARTMSG 2221:0 @!@!@
  line 72, col 11 to line 72, col 22 of module WriteThroughCache: 195
@!@!@ENDMSG 2221 @!@!@
@!@!@STARTMSG 2221:0 @!@!@
  |line 72, col 11 to line 72, col 14 of module WriteThroughCache: 164
@!@!@ENDMSG 2221 @!@!@
@!@!@STARTMSG 2221:0 @!@!@
  |line 72, col 18 to line 72, col 22 of module WriteThroughCache: 164
@!@!@ENDMSG 2221 @!@!@
@!@!@STARTMSG 2221:0 @!@!@
  line 72, col 30 to line 72, col 40 of module WriteThroughCache: 135
@!@!@ENDMSG 2221 @!@!@
@!@!@STARTMSG 2221:0 @!@!@
  |line 72, col 30 to line 72, col 33 of module WriteThroughCache: 104
@!@!@ENDMSG 2221 @!@!@
@!@!@STARTMSG 2221:0 @!@!@
  line 73, col 10 to line 73, col 27 of module WriteThroughCache: 31
@!@!@ENDMSG 2221 @!@!@
@!@!@STARTMSG 2221:0 @!@!@
  |line 73, col 18 to line 73, col 27 of module WriteThroughCache: 32
@!@!@ENDMSG 2221 @!@!@
@!@!@STARTMSG 2221:0 @!@!@
  line 74, col 10 to line 74, col 58 of module WriteThroughCache: 31
@!@!@ENDMSG 2221 @!@!@
@!@!@STARTMSG 2221:0 @!@!@
  |line 74, col 19 to line 74, col 58 of module WriteThroughCache: 32
@!@!@ENDMSG 2221 @!@!@
@!@!@STARTMSG 2221:0 @!@!@
  line 75, col 10 to line 75, col 45 of module WriteThroughCache: 31
@!@!@ENDMSG 2221 @!@!@
@!@!@STARTMSG 2772:0 @!@!@
<Evict line 77, col 1 to line 77, col 10 of module WriteThroughCache>: 54:289
@!@!@ENDMSG 2772 @!@!@
@!@!@STARTMSG 2221:0 @!@!@
  line 77, col 18 to line 77, col 57 of module WriteThroughCache: 289
@!@!@ENDMSG 2221 @!@!@
@!@!@STARTMSG 2221:0 @!@!@
  |line 77, col 19 to line 77, col 36 of module WriteThroughCache: 330
@!@!@ENDMSG 2221 @!@!@
@!@!@STARTMSG 2221:0 @!@!@
  |line 77, col 43 to line 77, col 56 of module WriteThroughCache: 41
@!@!@ENDMSG 2221 @!@!@
@!@!@STARTMSG 2221:0 @!@!@
  line 78, col 18 to line 78, col 56 of module WriteThroughCache: 289
@!@!@ENDMSG 2221 @!@!@
@!@!@STARTMSG 2221:0 @!@!@
  line 79, col 18 to line 79, col 59 of module WriteThroughCache: 289
@!@!@ENDMSG 2221 @!@!@
@!@!@STARTMSG 2774:0 @!@!@
<TypeInvariant line 12, col 1 to line 12, col 13 of module WriteThroughCache>
@!@!@ENDMSG 2774 @!@!@
@!@!@STARTMSG 2221:0 @!@!@
  line 13, col 3 to line 17, col 32 of module WriteThroughCache: 427
@!@!@ENDMSG 2221 @!@!@
@!@!@STARTMSG 2774:0 @!@!@
<Coherence line 19, col 1 to line 19, col 9 of module WriteThroughCache>
@!@!@ENDMSG 2774 @!@!@
@!@!@STARTMSG 2221:0 @!@!@
  line 19, col 14 to line 21, col 50 of module WriteThroughCache: 427
@!@!@ENDMSG 2221 @!@!@
@!@!@STARTMSG 2221:0 @!@!@
  |line 20, col 17 to line 21, col 50 of module WriteThroughCache: 1706
@!@!@ENDMSG 2221 @!@!@
@!@!@STARTMSG 2221:0 @!@!@
  ||line 20, col 18 to line 20, col 56 of module WriteThroughCache: 1706
@!@!@ENDMSG 2221 @!@!@
@!@!@STARTMSG 2221:0 @!@!@
  ||line 21, col 27 to line 21, col 49 of module WriteThroughCache: 371
@!@!@ENDMSG 2221 @!@!@
@!@!@STARTMSG 2221:0 @!@!@
  |line 19, col 26 to line 19, col 29 of module WriteThroughCache: 427
@!@!@ENDMSG 2221 @!@!@
@!@!@STARTMSG 2221:0 @!@!@
  |line 19, col 38 to line 19, col 40 of module WriteThroughCache: 427
@!@!@ENDMSG 2221 @!@!@
@!@!@STARTMSG 2774:0 @!@!@
<LM_Inner_TypeInvariant line 143, col 1 to line 143, col 22 of module WriteThroughCache>
@!@!@ENDMSG 2774 @!@!@
@!@!@STARTMSG 2221:0 @!@!@
  line 143, col 27 to line 143, col 66 of module WriteThroughCache: 426
@!@!@ENDMSG 2221 @!@!@
@!@!@STARTMSG 2221:0 @!@!@
  |line 91, col 1 to line 91, col 21 of module WriteThroughCache: 1513
@!@!@ENDMSG 2221 @!@!@
@!@!@STARTMSG 2221:0 @!@!@
  |line 91, col 1 to line 91, col 21 of module WriteThroughCache: 428
@!@!@ENDMSG 2221 @!@!@
@!@!@STARTMSG 2221:0 @!@!@
  |line 91, col 1 to line 91, col 21 of module WriteThroughCache: 2
@!@!@ENDMSG 2221 @!@!@
@!@!@STARTMSG 2221:0 @!@!@
  |line 91, col 1 to line 91, col 21 of module WriteThroughCache: 1232
@!@!@ENDMSG 2221 @!@!@
@!@!@STARTMSG 2221:0 @!@!@
  |line 91, col 1 to line 91, col 21 of module WriteThroughCache: 428
@!@!@ENDMSG 2221 @!@!@
@!@!@STARTMSG 2221:0 @!@!@
  |line 3, col 1 to line 3, col 47 of module Memory: 1513
@!@!@ENDMSG 2221 @!@!@
@!@!@STARTMSG 2221:0 @!@!@
  |line 3, col 1 to line 3, col 47 of module Memory: 428
@!@!@ENDMSG 2221 @!@!@
@!@!@STARTMSG 2221:0 @!@!@
  |line 3, col 1 to line 3, col 47 of module Memory: 2011
@!@!@ENDMSG 2221 @!@!@
@!@!@STARTMSG 2221:0 @!@!@
  |line 3, col 1 to line 3, col 47 of module Memory: 1593
@!@!@ENDMSG 2221 @!@!@
@!@!@STARTMSG 2221:0 @!@!@
  |line 3, col 1 to line 3, col 47 of module Memory: 2
@!@!@ENDMSG 2221 @!@!@
@!@!@STARTMSG 2221:0 @!@!@
  |line 3, col 1 to line 3, col 47 of module Memory: 2113
@!@!@ENDMSG 2221 @!@!@
@!@!@STARTMSG 2221:0 @!@!@
  |line 3, col 1 to line 3, col 47 of module Memory: 1232
@!@!@ENDMSG 2221 @!@!@
@!@!@STARTMSG 2221:0 @!@!@
  |line 3, col 1 to line 3, col 47 of module Memory: 428
@!@!@ENDMSG 2221 @!@!@
@!@!@STARTMSG 2221:0 @!@!@
  |line 11, col 3 to line 13, col 49 of module InternalMemory: 426
@!@!@ENDMSG 2221 @!@!@
@!@!@STARTMSG 2221:0 @!@!@
  |line 143, col 36 to line 143, col 39 of module WriteThroughCache: 426
@!@!@ENDMSG 2221 @!@!@
@!@!@STARTMSG 2221:0 @!@!@
  |line 143, col 42 to line 143, col 45 of module WriteThroughCache: 426
@!@!@ENDMSG 2221 @!@!@
@!@!@STARTMSG 2221:0 @!@!@
  |line 143, col 48 to line 143, col 51 of module WriteThroughCache: 426
@!@!@ENDMSG 2221 @!@!@
@!@!@STARTMSG 2202:0 @!@!@
End of statistics.
@!@!@ENDMSG 2202 @!@!@
@!@!@STARTMSG 2200:0 @!@!@
Progress(6) at 2023-11-24 20:08:31: 807 states generated (79,638 s/min), 427 distinct states found (42,138 ds/min), 263 states left on queue.
@!@!@ENDMSG 2200 @!@!@
@!@!@STARTMSG 2199:0 @!@!@
807 states generated, 427 distinct states found, 263 states left on queue.
@!@!@ENDMSG 2199 @!@!@
@!@!@STARTMSG 2194:0 @!@!@
The depth of the complete state graph search is 6.
@!@!@ENDMSG 2194 @!@!@
@!@!@STARTMSG 2268:0 @!@!@
The average outdegree of the complete state graph is 3 (minimum is 0, the maximum 8 and the 95th percentile is 6).
@!@!@ENDMSG 2268 @!@!@
@!@!@STARTMSG 2186:0 @!@!@
Finished in 612ms at (2023-11-24 20:08:31)
@!@!@ENDMSG 2186 @!@!@
